[INFO ] 2023-01-29 20:01:41.366 [main] StepDef - Browser has been launched 
[INFO ] 2023-01-29 20:02:05.148 [main] StepDef - URL has been hitted succesfullyhttp://admin-demo.nopcommerce.com/login
[INFO ] 2023-01-29 20:02:05.328 [main] StepDef - Email Entered succesfully 
[INFO ] 2023-01-29 20:02:05.474 [main] StepDef - Password  Entered succesfully 
[INFO ] 2023-01-29 20:03:12.711 [main] StepDef - Clicked on login Button successfully
[INFO ] 2023-01-29 20:03:12.835 [main] StepDef - clicked on customer menu successfully
[INFO ] 2023-01-29 20:03:19.714 [main] StepDef - CLicked on customer Btn succesfully
[INFO ] 2023-01-29 20:03:30.334 [main] StepDef - CLicked on add new customer Btn succesfully
[INFO ] 2023-01-29 20:03:31.125 [main] StepDef - customer Information has been filled  succesfully
[INFO ] 2023-01-29 20:05:25.677 [main] StepDef - CLicked on Save Btn succesfully
[INFO ] 2023-01-29 20:05:34.641 [main] StepDef - Browser has been launched 
[INFO ] 2023-01-29 20:05:40.185 [main] StepDef - URL has been hitted succesfullyhttp://admin-demo.nopcommerce.com/login
[INFO ] 2023-01-29 20:05:40.992 [main] StepDef - Email Entered succesfully 
[INFO ] 2023-01-29 20:05:41.772 [main] StepDef - Password  Entered succesfully 
[INFO ] 2023-01-29 20:06:12.276 [main] StepDef - Clicked on login Button successfully
[INFO ] 2023-01-29 20:06:13.191 [main] StepDef - clicked on customer menu successfully
[INFO ] 2023-01-29 20:06:34.189 [main] StepDef - CLicked on customer Btn succesfully
[INFO ] 2023-01-29 20:06:37.256 [main] StepDef - customer emmail has been filled  succesfully
[INFO ] 2023-01-29 20:06:38.027 [main] StepDef - CLicked on  search customer Btn succesfully
[INFO ] 2023-01-29 20:06:40.062 [main] StepDef - Browser has been closed succesfully
[INFO ] 2023-01-29 20:06:46.736 [main] StepDef - Browser has been launched 
[INFO ] 2023-01-29 20:06:56.574 [main] StepDef - URL has been hitted succesfullyhttp://admin-demo.nopcommerce.com/login
[INFO ] 2023-01-29 20:06:57.433 [main] StepDef - Email Entered succesfully 
[INFO ] 2023-01-29 20:06:58.189 [main] StepDef - Password  Entered succesfully 
[INFO ] 2023-01-29 20:07:28.866 [main] StepDef - Clicked on login Button successfully
[INFO ] 2023-01-29 20:07:29.896 [main] StepDef - clicked on customer menu successfully
[INFO ] 2023-01-29 20:07:42.709 [main] StepDef - CLicked on customer Btn succesfully
[INFO ] 2023-01-29 20:07:44.020 [main] StepDef - customer Name has been filled  succesfully
[INFO ] 2023-01-29 20:07:44.581 [main] StepDef - CLicked on  search customer Btn succesfully
[INFO ] 2023-01-29 20:07:47.625 [main] StepDef - Browser has been closed succesfully
[INFO ] 2023-01-29 20:07:54.311 [main] StepDef - Browser has been launched 
[INFO ] 2023-01-29 20:08:03.369 [main] StepDef - URL has been hitted succesfullyhttp://admin-demo.nopcommerce.com/login
[INFO ] 2023-01-29 20:08:04.628 [main] StepDef - Email Entered succesfully 
[INFO ] 2023-01-29 20:08:05.650 [main] StepDef - Password  Entered succesfully 
[INFO ] 2023-01-29 20:13:18.248 [main] StepDef - Browser has been launched 
[INFO ] 2023-01-29 20:13:24.578 [main] StepDef - URL has been hitted succesfullyhttp://admin-demo.nopcommerce.com/login
[INFO ] 2023-01-29 20:13:25.418 [main] StepDef - Email Entered succesfully 
[INFO ] 2023-01-29 20:13:26.227 [main] StepDef - Password  Entered succesfully 
[INFO ] 2023-01-29 20:14:33.254 [main] StepDef - Clicked on login Button successfully
[INFO ] 2023-01-29 20:14:33.339 [main] StepDef - Test has been Failed  where actual title is:www.nopcommerce.com the expected Title:Dashboard / nopcommerce administration
[INFO ] 2023-01-29 20:14:41.639 [main] StepDef - Browser has been launched 
[INFO ] 2023-01-29 20:15:31.362 [main] StepDef - URL has been hitted succesfullyhttp://admin-demo.nopcommerce.com/login
[INFO ] 2023-01-29 20:15:32.304 [main] StepDef - Email Entered succesfully 
[INFO ] 2023-01-29 20:15:33.250 [main] StepDef - Password  Entered succesfully 
[INFO ] 2023-01-29 20:15:47.610 [main] StepDef - Clicked on login Button successfully
[INFO ] 2023-01-29 20:15:47.816 [main] StepDef - Test has been Failed  where actual title is:Your store. Login the expected Title:Dashboard / nopcommerce administration
[INFO ] 2023-01-29 20:16:05.759 [main] StepDef - Browser has been launched 
[INFO ] 2023-01-29 20:16:26.604 [main] StepDef - URL has been hitted succesfullyhttp://admin-demo.nopcommerce.com/login
[INFO ] 2023-01-29 20:16:30.273 [main] StepDef - Email Entered succesfully 
[INFO ] 2023-01-29 20:16:32.553 [main] StepDef - Password  Entered succesfully 
[INFO ] 2023-01-29 20:16:41.361 [main] StepDef - Clicked on login Button successfully
[INFO ] 2023-01-29 20:16:41.447 [main] StepDef - Test has been Failed  where actual title is:Your store. Login the expected Title:Dashboard / nopcommerce administration
[INFO ] 2023-01-29 20:17:08.155 [main] StepDef - Browser has been launched 
[INFO ] 2023-01-29 20:17:36.880 [main] StepDef - URL has been hitted succesfullyhttp://admin-demo.nopcommerce.com/login
[INFO ] 2023-01-29 20:17:40.869 [main] StepDef - Email Entered succesfully 
[INFO ] 2023-01-29 20:17:42.548 [main] StepDef - Password  Entered succesfully 
[INFO ] 2023-01-29 20:17:53.036 [main] StepDef - Clicked on login Button successfully
[INFO ] 2023-01-29 20:17:53.768 [main] StepDef - Test has been Failed  where actual title is:Your store. Login the expected Title:Dashboard / nopcommerce administration
[INFO ] 2023-01-29 20:22:37.733 [main] StepDef - Browser has been launched 
[INFO ] 2023-01-29 20:22:59.943 [main] StepDef - URL has been hitted succesfullyhttp://admin-demo.nopcommerce.com/login
[INFO ] 2023-01-29 20:23:00.133 [main] StepDef - Email Entered succesfully 
[INFO ] 2023-01-29 20:23:00.286 [main] StepDef - Password  Entered succesfully 
[INFO ] 2023-01-29 20:23:54.693 [main] StepDef - Clicked on login Button successfully
[INFO ] 2023-01-29 20:23:54.830 [main] StepDef - clicked on customer menu successfully
[INFO ] 2023-01-29 20:24:05.778 [main] StepDef - CLicked on customer Btn succesfully
[INFO ] 2023-01-29 20:24:23.227 [main] StepDef - CLicked on add new customer Btn succesfully
[INFO ] 2023-01-29 20:24:24.029 [main] StepDef - customer Information has been filled  succesfully
[INFO ] 2023-01-29 20:24:27.398 [main] StepDef - CLicked on Save Btn succesfully
[INFO ] 2023-01-29 20:24:27.618 [main] StepDef - "User has not created new account because details were wrong"
[INFO ] 2023-01-29 20:24:27.802 [main] StepDef - Browser has been closed succesfully
[INFO ] 2023-01-29 20:24:29.471 [main] StepDef - Browser has been launched 
[INFO ] 2023-01-29 20:24:39.930 [main] StepDef - URL has been hitted succesfullyhttp://admin-demo.nopcommerce.com/login
[INFO ] 2023-01-29 20:24:40.109 [main] StepDef - Email Entered succesfully 
[INFO ] 2023-01-29 20:24:40.273 [main] StepDef - Password  Entered succesfully 
[INFO ] 2023-01-29 20:25:45.345 [main] StepDef - Clicked on login Button successfully
[INFO ] 2023-01-29 20:25:45.462 [main] StepDef - clicked on customer menu successfully
[INFO ] 2023-01-29 20:25:57.760 [main] StepDef - CLicked on customer Btn succesfully
[INFO ] 2023-01-29 20:25:58.010 [main] StepDef - customer emmail has been filled  succesfully
[INFO ] 2023-01-29 20:25:58.091 [main] StepDef - CLicked on  search customer Btn succesfully
[INFO ] 2023-01-29 20:25:58.679 [main] StepDef - Browser has been closed succesfully
[INFO ] 2023-01-29 20:26:00.317 [main] StepDef - Browser has been launched 
[INFO ] 2023-01-29 20:26:12.402 [main] StepDef - URL has been hitted succesfullyhttp://admin-demo.nopcommerce.com/login
[INFO ] 2023-01-29 20:26:12.578 [main] StepDef - Email Entered succesfully 
[INFO ] 2023-01-29 20:26:12.722 [main] StepDef - Password  Entered succesfully 
[INFO ] 2023-01-29 20:27:28.020 [main] StepDef - Clicked on login Button successfully
[INFO ] 2023-01-29 20:27:28.170 [main] StepDef - clicked on customer menu successfully
[INFO ] 2023-01-29 20:28:11.827 [main] StepDef - CLicked on customer Btn succesfully
[INFO ] 2023-01-29 20:28:11.960 [main] StepDef - customer Name has been filled  succesfully
[INFO ] 2023-01-29 20:28:12.046 [main] StepDef - CLicked on  search customer Btn succesfully
[INFO ] 2023-01-29 20:28:12.586 [main] StepDef - Browser has been closed succesfully
[INFO ] 2023-01-29 20:28:14.257 [main] StepDef - Browser has been launched 
[INFO ] 2023-01-29 20:28:42.081 [main] StepDef - URL has been hitted succesfullyhttp://admin-demo.nopcommerce.com/login
[INFO ] 2023-01-29 20:28:42.250 [main] StepDef - Email Entered succesfully 
[INFO ] 2023-01-29 20:28:42.394 [main] StepDef - Password  Entered succesfully 
[INFO ] 2023-01-29 20:29:53.603 [main] StepDef - Clicked on login Button successfully
[INFO ] 2023-01-29 20:29:53.633 [main] StepDef - Test has been Failed  where actual title is:Dashboard / nopCommerce administration the expected Title:Dashboard / nopcommerce administration
[INFO ] 2023-01-29 20:30:02.675 [main] StepDef - Click On logout BTN succesfully
[INFO ] 2023-01-29 20:30:02.862 [main] StepDef - Browser has been closed succesfully
[INFO ] 2023-01-29 20:30:04.554 [main] StepDef - Browser has been launched 
[INFO ] 2023-01-29 20:30:20.294 [main] StepDef - URL has been hitted succesfullyhttp://admin-demo.nopcommerce.com/login
[INFO ] 2023-01-29 20:30:20.469 [main] StepDef - Email Entered succesfully 
[INFO ] 2023-01-29 20:30:20.620 [main] StepDef - Password  Entered succesfully 
[INFO ] 2023-01-29 20:31:11.242 [main] StepDef - Clicked on login Button successfully
[INFO ] 2023-01-29 20:31:11.252 [main] StepDef - Test has been Failed  where actual title is:Dashboard / nopCommerce administration the expected Title:Dashboard / nopcommerce administration
[INFO ] 2023-01-29 20:31:19.132 [main] StepDef - Click On logout BTN succesfully
[INFO ] 2023-01-29 20:31:19.318 [main] StepDef - Browser has been closed succesfully
[INFO ] 2023-01-29 20:31:20.933 [main] StepDef - Browser has been launched 
[INFO ] 2023-01-29 20:31:30.688 [main] StepDef - URL has been hitted succesfullyhttp://admin-demo.nopcommerce.com/login
[INFO ] 2023-01-29 20:31:30.855 [main] StepDef - Email Entered succesfully 
[INFO ] 2023-01-29 20:31:31.012 [main] StepDef - Password  Entered succesfully 
[INFO ] 2023-01-29 20:31:33.296 [main] StepDef - Clicked on login Button successfully
[INFO ] 2023-01-29 20:31:33.308 [main] StepDef - Test has been Failed  where actual title is:Your store. Login the expected Title:Dashboard / nopcommerce administration
[INFO ] 2023-01-29 20:31:35.145 [main] StepDef - Browser has been launched 
[INFO ] 2023-01-29 20:31:40.060 [main] StepDef - URL has been hitted succesfullyhttp://admin-demo.nopcommerce.com/login
[INFO ] 2023-01-29 20:31:40.240 [main] StepDef - Email Entered succesfully 
[INFO ] 2023-01-29 20:31:40.400 [main] StepDef - Password  Entered succesfully 
[INFO ] 2023-01-29 20:31:43.549 [main] StepDef - Clicked on login Button successfully
[INFO ] 2023-01-29 20:31:43.566 [main] StepDef - Test has been Failed  where actual title is:Your store. Login the expected Title:Dashboard / nopcommerce administration
[INFO ] 2023-01-29 20:31:45.407 [main] StepDef - Browser has been launched 
[INFO ] 2023-01-29 20:31:59.075 [main] StepDef - URL has been hitted succesfullyhttp://admin-demo.nopcommerce.com/login
[INFO ] 2023-01-29 20:31:59.244 [main] StepDef - Email Entered succesfully 
[INFO ] 2023-01-29 20:31:59.388 [main] StepDef - Password  Entered succesfully 
[INFO ] 2023-01-29 20:32:02.004 [main] StepDef - Clicked on login Button successfully
[INFO ] 2023-01-29 20:32:02.018 [main] StepDef - Test has been Failed  where actual title is:Your store. Login the expected Title:Dashboard / nopcommerce administration
[INFO ] 2023-01-30 18:23:06.218 [main] StepDef - Browser has been launched 
[INFO ] 2023-01-30 18:23:07.630 [main] StepDef - URL has been hitted succesfullyhttp://admin-demo.nopcommerce.com/login
[INFO ] 2023-01-30 18:23:07.824 [main] StepDef - Email Entered succesfully 
[INFO ] 2023-01-30 18:23:07.985 [main] StepDef - Password  Entered succesfully 
[INFO ] 2023-01-30 18:23:15.779 [main] StepDef - Clicked on login Button successfully
[INFO ] 2023-01-30 18:23:15.887 [main] StepDef - clicked on customer menu successfully
[INFO ] 2023-01-30 18:23:18.710 [main] StepDef - CLicked on customer Btn succesfully
[INFO ] 2023-01-30 18:23:21.476 [main] StepDef - CLicked on add new customer Btn succesfully
[INFO ] 2023-01-30 18:23:22.279 [main] StepDef - customer Information has been filled  succesfully
[INFO ] 2023-01-30 18:23:25.006 [main] StepDef - CLicked on Save Btn succesfully
[INFO ] 2023-01-30 18:23:25.357 [main] StepDef - "User has not created new account because details were wrong"
[INFO ] 2023-01-30 18:23:25.531 [main] StepDef - Browser has been closed succesfully
[INFO ] 2023-01-30 18:23:27.139 [main] StepDef - Browser has been launched 
[INFO ] 2023-01-30 18:23:29.591 [main] StepDef - URL has been hitted succesfullyhttp://admin-demo.nopcommerce.com/login
[INFO ] 2023-01-30 18:23:29.749 [main] StepDef - Email Entered succesfully 
[INFO ] 2023-01-30 18:23:29.889 [main] StepDef - Password  Entered succesfully 
[INFO ] 2023-01-30 18:23:38.269 [main] StepDef - Clicked on login Button successfully
[INFO ] 2023-01-30 18:23:38.372 [main] StepDef - clicked on customer menu successfully
[INFO ] 2023-01-30 18:23:41.154 [main] StepDef - CLicked on customer Btn succesfully
[INFO ] 2023-01-30 18:23:41.344 [main] StepDef - customer emmail has been filled  succesfully
[INFO ] 2023-01-30 18:23:41.423 [main] StepDef - CLicked on  search customer Btn succesfully
[INFO ] 2023-01-30 18:23:42.029 [main] StepDef - Browser has been closed succesfully
[INFO ] 2023-01-30 18:23:43.537 [main] StepDef - Browser has been launched 
[INFO ] 2023-01-30 18:23:45.026 [main] StepDef - URL has been hitted succesfullyhttp://admin-demo.nopcommerce.com/login
[INFO ] 2023-01-30 18:23:45.186 [main] StepDef - Email Entered succesfully 
[INFO ] 2023-01-30 18:23:45.332 [main] StepDef - Password  Entered succesfully 
[INFO ] 2023-01-30 18:23:55.902 [main] StepDef - Clicked on login Button successfully
[INFO ] 2023-01-30 18:23:56.046 [main] StepDef - clicked on customer menu successfully
[INFO ] 2023-01-30 18:23:59.096 [main] StepDef - CLicked on customer Btn succesfully
[INFO ] 2023-01-30 18:23:59.228 [main] StepDef - customer Name has been filled  succesfully
[INFO ] 2023-01-30 18:23:59.297 [main] StepDef - CLicked on  search customer Btn succesfully
[INFO ] 2023-01-30 18:23:59.914 [main] StepDef - Browser has been closed succesfully
[INFO ] 2023-01-30 18:24:01.465 [main] StepDef - Browser has been launched 
[INFO ] 2023-01-30 18:24:03.903 [main] StepDef - URL has been hitted succesfullyhttp://admin-demo.nopcommerce.com/login
[INFO ] 2023-01-30 18:24:04.060 [main] StepDef - Email Entered succesfully 
[INFO ] 2023-01-30 18:24:04.202 [main] StepDef - Password  Entered succesfully 
[INFO ] 2023-01-30 18:24:17.045 [main] StepDef - Clicked on login Button successfully
[INFO ] 2023-01-30 18:24:17.056 [main] StepDef - Test has been Failed  where actual title is:Dashboard / nopCommerce administration the expected Title:Dashboard / nopcommerce administration
[INFO ] 2023-01-30 18:24:19.599 [main] StepDef - Click On logout BTN succesfully
[INFO ] 2023-01-30 18:24:19.688 [main] StepDef - Browser has been closed succesfully
[INFO ] 2023-01-30 18:24:21.804 [main] StepDef - Browser has been launched 
[INFO ] 2023-01-30 18:24:24.660 [main] StepDef - URL has been hitted succesfullyhttp://admin-demo.nopcommerce.com/login
[INFO ] 2023-01-30 18:24:24.910 [main] StepDef - Email Entered succesfully 
[INFO ] 2023-01-30 18:24:25.162 [main] StepDef - Password  Entered succesfully 
[INFO ] 2023-01-30 18:24:35.399 [main] StepDef - Clicked on login Button successfully
[INFO ] 2023-01-30 18:24:35.567 [main] StepDef - Test has been Failed  where actual title is:Dashboard / nopCommerce administration the expected Title:Dashboard / nopcommerce administration
[INFO ] 2023-01-30 18:24:37.629 [main] StepDef - Click On logout BTN succesfully
[INFO ] 2023-01-30 18:24:37.806 [main] StepDef - Browser has been closed succesfully
[INFO ] 2023-01-30 18:24:39.491 [main] StepDef - Browser has been launched 
[INFO ] 2023-01-30 18:24:41.861 [main] StepDef - URL has been hitted succesfullyhttp://admin-demo.nopcommerce.com/login
[INFO ] 2023-01-30 18:24:42.015 [main] StepDef - Email Entered succesfully 
[INFO ] 2023-01-30 18:24:42.156 [main] StepDef - Password  Entered succesfully 
[INFO ] 2023-01-30 18:24:43.893 [main] StepDef - Clicked on login Button successfully
[INFO ] 2023-01-30 18:24:43.904 [main] StepDef - Test has been Failed  where actual title is:Your store. Login the expected Title:Dashboard / nopcommerce administration
[INFO ] 2023-01-30 18:24:45.634 [main] StepDef - Browser has been launched 
[INFO ] 2023-01-30 18:24:48.398 [main] StepDef - URL has been hitted succesfullyhttp://admin-demo.nopcommerce.com/login
[INFO ] 2023-01-30 18:24:48.591 [main] StepDef - Email Entered succesfully 
[INFO ] 2023-01-30 18:24:48.758 [main] StepDef - Password  Entered succesfully 
[INFO ] 2023-01-30 18:24:50.267 [main] StepDef - Clicked on login Button successfully
[INFO ] 2023-01-30 18:24:50.278 [main] StepDef - Test has been Failed  where actual title is:Your store. Login the expected Title:Dashboard / nopcommerce administration
[INFO ] 2023-01-30 18:24:52.101 [main] StepDef - Browser has been launched 
[INFO ] 2023-01-30 18:24:55.123 [main] StepDef - URL has been hitted succesfullyhttp://admin-demo.nopcommerce.com/login
[INFO ] 2023-01-30 18:24:55.306 [main] StepDef - Email Entered succesfully 
[INFO ] 2023-01-30 18:24:55.474 [main] StepDef - Password  Entered succesfully 
[INFO ] 2023-01-30 18:24:56.580 [main] StepDef - Clicked on login Button successfully
[INFO ] 2023-01-30 18:24:56.599 [main] StepDef - Test has been Failed  where actual title is:Your store. Login the expected Title:Dashboard / nopcommerce administration
[INFO ] 2023-01-30 18:26:53.452 [main] StepDef - Browser has been launched 
[INFO ] 2023-01-30 18:26:55.820 [main] StepDef - URL has been hitted succesfullyhttp://admin-demo.nopcommerce.com/login
[INFO ] 2023-01-30 18:26:55.994 [main] StepDef - Email Entered succesfully 
[INFO ] 2023-01-30 18:26:56.135 [main] StepDef - Password  Entered succesfully 
[INFO ] 2023-01-30 18:27:31.361 [main] StepDef - Clicked on login Button successfully
[INFO ] 2023-01-30 18:27:31.504 [main] StepDef - clicked on customer menu successfully
[INFO ] 2023-01-30 18:27:31.921 [main] StepDef - CLicked on customer Btn succesfully
[INFO ] 2023-01-30 18:27:34.248 [main] StepDef - Browser has been launched 
[INFO ] 2023-01-30 18:27:38.468 [main] StepDef - URL has been hitted succesfullyhttp://admin-demo.nopcommerce.com/login
[INFO ] 2023-01-30 18:27:41.000 [main] StepDef - Browser has been launched 
[INFO ] 2023-01-30 18:27:55.669 [main] StepDef - URL has been hitted succesfullyhttp://admin-demo.nopcommerce.com/login
[INFO ] 2023-01-30 18:27:55.858 [main] StepDef - Email Entered succesfully 
[INFO ] 2023-01-30 18:27:56.021 [main] StepDef - Password  Entered succesfully 
[INFO ] 2023-01-30 18:30:11.111 [main] StepDef - Browser has been launched 
[INFO ] 2023-01-30 18:31:12.519 [main] StepDef - Browser has been launched 
[INFO ] 2023-01-30 18:32:15.983 [main] StepDef - URL has been hitted succesfullyhttp://admin-demo.nopcommerce.com/login
[INFO ] 2023-01-30 18:32:16.185 [main] StepDef - Email Entered succesfully 
[INFO ] 2023-01-30 18:32:16.336 [main] StepDef - Password  Entered succesfully 
[INFO ] 2023-01-30 18:33:12.357 [main] StepDef - Clicked on login Button successfully
[INFO ] 2023-01-30 18:33:12.468 [main] StepDef - clicked on customer menu successfully
[INFO ] 2023-01-30 18:33:20.906 [main] StepDef - CLicked on customer Btn succesfully
[INFO ] 2023-01-30 18:33:21.094 [main] StepDef - customer emmail has been filled  succesfully
[INFO ] 2023-01-30 18:33:21.168 [main] StepDef - CLicked on  search customer Btn succesfully
[INFO ] 2023-01-30 18:33:21.938 [main] StepDef - Browser has been closed succesfully
[INFO ] 2023-01-30 18:33:23.586 [main] StepDef - Browser has been launched 
[INFO ] 2023-01-30 18:33:31.421 [main] StepDef - URL has been hitted succesfullyhttp://admin-demo.nopcommerce.com/login
[INFO ] 2023-01-30 18:33:31.584 [main] StepDef - Email Entered succesfully 
[INFO ] 2023-01-30 18:33:31.726 [main] StepDef - Password  Entered succesfully 
[INFO ] 2023-01-30 18:34:14.572 [main] StepDef - Clicked on login Button successfully
[INFO ] 2023-01-30 18:34:14.659 [main] StepDef - clicked on customer menu successfully
[INFO ] 2023-01-30 18:34:16.867 [main] StepDef - Browser has been launched 
[INFO ] 2023-01-30 18:34:25.373 [main] StepDef - URL has been hitted succesfullyhttp://admin-demo.nopcommerce.com/login
[INFO ] 2023-01-30 18:34:25.523 [main] StepDef - Email Entered succesfully 
[INFO ] 2023-01-30 18:34:25.652 [main] StepDef - Password  Entered succesfully 
[INFO ] 2023-01-30 19:04:23.784 [main] StepDef - Browser has been launched 
[INFO ] 2023-01-30 19:04:27.477 [main] StepDef - URL has been hitted succesfullyhttp://admin-demo.nopcommerce.com/login
[INFO ] 2023-01-30 19:04:27.695 [main] StepDef - Email Entered succesfully 
[INFO ] 2023-01-30 19:04:27.862 [main] StepDef - Password  Entered succesfully 
[INFO ] 2023-01-30 19:06:33.262 [main] StepDef - Clicked on login Button successfully
[INFO ] 2023-01-30 19:06:34.082 [main] StepDef - clicked on customer menu successfully
[INFO ] 2023-01-30 19:07:24.501 [main] StepDef - CLicked on customer Btn succesfully
[INFO ] 2023-01-30 19:08:58.170 [main] StepDef - CLicked on add new customer Btn succesfully
[INFO ] 2023-01-30 19:09:01.838 [main] StepDef - customer Information has been filled  succesfully
[INFO ] 2023-01-30 19:09:53.238 [main] StepDef - CLicked on Save Btn succesfully
[INFO ] 2023-01-30 19:09:54.038 [main] StepDef - "User has not created new account because details were wrong"
[INFO ] 2023-01-30 19:09:58.168 [main] StepDef - Browser has been closed succesfully
[INFO ] 2023-01-30 19:10:14.168 [main] StepDef - Browser has been launched 
[INFO ] 2023-01-30 19:10:19.727 [main] StepDef - URL has been hitted succesfullyhttp://admin-demo.nopcommerce.com/login
[INFO ] 2023-01-30 19:10:20.879 [main] StepDef - Email Entered succesfully 
[INFO ] 2023-01-30 19:10:21.905 [main] StepDef - Password  Entered succesfully 
[INFO ] 2023-01-30 19:10:49.637 [main] StepDef - Clicked on login Button successfully
[INFO ] 2023-01-30 19:10:50.159 [main] StepDef - clicked on customer menu successfully
[INFO ] 2023-01-30 19:10:59.989 [main] StepDef - CLicked on customer Btn succesfully
[INFO ] 2023-01-30 19:11:00.997 [main] StepDef - customer emmail has been filled  succesfully
[INFO ] 2023-01-30 19:11:01.352 [main] StepDef - CLicked on  search customer Btn succesfully
[INFO ] 2023-01-30 19:11:03.275 [main] StepDef - Browser has been closed succesfully
[INFO ] 2023-01-30 19:11:08.722 [main] StepDef - Browser has been launched 
[INFO ] 2023-01-30 19:11:13.876 [main] StepDef - URL has been hitted succesfullyhttp://admin-demo.nopcommerce.com/login
[INFO ] 2023-01-30 19:11:14.756 [main] StepDef - Email Entered succesfully 
[INFO ] 2023-01-30 19:11:15.525 [main] StepDef - Password  Entered succesfully 
[INFO ] 2023-01-30 19:11:39.462 [main] StepDef - Clicked on login Button successfully
[INFO ] 2023-01-30 19:11:40.288 [main] StepDef - clicked on customer menu successfully
[INFO ] 2023-01-30 19:11:51.204 [main] StepDef - CLicked on customer Btn succesfully
[INFO ] 2023-01-30 19:11:51.909 [main] StepDef - customer Name has been filled  succesfully
[INFO ] 2023-01-30 19:11:52.215 [main] StepDef - CLicked on  search customer Btn succesfully
[INFO ] 2023-01-30 19:11:55.012 [main] StepDef - Browser has been closed succesfully
[INFO ] 2023-01-30 19:12:01.079 [main] StepDef - Browser has been launched 
[INFO ] 2023-01-30 19:12:30.672 [main] StepDef - Browser has been launched 
[INFO ] 2023-01-30 19:12:57.186 [main] StepDef - Browser has been launched 
[INFO ] 2023-01-30 19:13:08.667 [main] StepDef - URL has been hitted succesfullyhttp://admin-demo.nopcommerce.com/login
[INFO ] 2023-01-30 19:13:18.549 [main] StepDef - Browser has been launched 
[INFO ] 2023-01-30 19:13:36.516 [main] StepDef - URL has been hitted succesfullyhttp://admin-demo.nopcommerce.com/login
[INFO ] 2023-01-30 19:14:19.632 [main] StepDef - Browser has been launched 
[INFO ] 2023-01-30 19:20:04.132 [main] StepDef - Browser has been launched 
[INFO ] 2023-01-30 19:20:10.102 [main] StepDef - URL has been hitted succesfullyhttp://admin-demo.nopcommerce.com/login
[INFO ] 2023-01-30 19:20:11.069 [main] StepDef - Email Entered succesfully 
[INFO ] 2023-01-30 19:20:11.797 [main] StepDef - Password  Entered succesfully 
[INFO ] 2023-01-30 19:20:35.238 [main] StepDef - Clicked on login Button successfully
[INFO ] 2023-01-30 19:20:35.773 [main] StepDef - clicked on customer menu successfully
[INFO ] 2023-01-30 19:20:44.809 [main] StepDef - CLicked on customer Btn succesfully
[INFO ] 2023-01-30 19:21:19.780 [main] StepDef - CLicked on add new customer Btn succesfully
[INFO ] 2023-01-30 19:21:48.575 [main] StepDef - customer Information has been filled  succesfully
[INFO ] 2023-01-30 19:22:08.346 [main] StepDef - CLicked on Save Btn succesfully
[INFO ] 2023-01-30 19:22:14.821 [main] StepDef - "User has not created new account because details were wrong"
[INFO ] 2023-01-30 19:22:48.005 [main] StepDef - Browser has been closed succesfully
[INFO ] 2023-01-30 19:23:03.457 [main] StepDef - Browser has been launched 
[INFO ] 2023-01-30 19:23:12.167 [main] StepDef - URL has been hitted succesfullyhttp://admin-demo.nopcommerce.com/login
[INFO ] 2023-01-30 19:23:15.396 [main] StepDef - Email Entered succesfully 
[INFO ] 2023-01-30 19:23:17.930 [main] StepDef - Password  Entered succesfully 
[INFO ] 2023-01-30 19:27:52.539 [main] StepDef - Browser has been launched 
[INFO ] 2023-01-30 19:28:06.184 [main] StepDef - URL has been hitted succesfullyhttp://admin-demo.nopcommerce.com/login
[INFO ] 2023-01-30 19:28:06.467 [main] StepDef - Email Entered succesfully 
[INFO ] 2023-01-30 19:28:06.720 [main] StepDef - Password  Entered succesfully 
[INFO ] 2023-01-30 19:28:51.187 [main] StepDef - Clicked on login Button successfully
[INFO ] 2023-01-30 19:28:51.307 [main] StepDef - clicked on customer menu successfully
[INFO ] 2023-01-30 19:29:05.917 [main] StepDef - CLicked on customer Btn succesfully
[INFO ] 2023-01-30 19:29:06.035 [main] StepDef - customer Name has been filled  succesfully
[INFO ] 2023-01-30 19:29:06.114 [main] StepDef - CLicked on  search customer Btn succesfully
[INFO ] 2023-01-30 19:29:06.698 [main] StepDef - Browser has been closed succesfully
[INFO ] 2023-01-30 19:29:08.332 [main] StepDef - Browser has been launched 
[INFO ] 2023-01-30 19:29:21.136 [main] StepDef - URL has been hitted succesfullyhttp://admin-demo.nopcommerce.com/login
[INFO ] 2023-01-30 19:29:21.381 [main] StepDef - Email Entered succesfully 
[INFO ] 2023-01-30 19:29:21.643 [main] StepDef - Password  Entered succesfully 
[INFO ] 2023-01-30 19:31:18.732 [main] StepDef - Clicked on login Button successfully
[INFO ] 2023-01-30 19:31:18.740 [main] StepDef - Test has been Failed  where actual title is:Dashboard / nopCommerce administration the expected Title:Dashboard / nopcommerce administration
[INFO ] 2023-01-30 19:31:28.134 [main] StepDef - Click On logout BTN succesfully
[INFO ] 2023-01-30 19:31:44.422 [main] StepDef - Browser has been closed succesfully
[INFO ] 2023-01-30 19:31:46.706 [main] StepDef - Browser has been launched 
[INFO ] 2023-01-30 19:31:54.096 [main] StepDef - URL has been hitted succesfullyhttp://admin-demo.nopcommerce.com/login
[INFO ] 2023-01-30 19:31:54.398 [main] StepDef - Email Entered succesfully 
[INFO ] 2023-01-30 19:31:54.765 [main] StepDef - Password  Entered succesfully 
[INFO ] 2023-01-30 19:31:55.236 [main] StepDef - Clicked on login Button successfully
[INFO ] 2023-01-30 19:31:56.937 [main] StepDef - Browser has been launched 
[INFO ] 2023-01-30 19:52:00.286 [main] StepDef - Browser has been launched 
[INFO ] 2023-01-30 19:52:06.158 [main] StepDef - URL has been hitted succesfullyhttp://admin-demo.nopcommerce.com/login
[INFO ] 2023-01-30 19:52:06.348 [main] StepDef - Email Entered succesfully 
[INFO ] 2023-01-30 19:52:06.513 [main] StepDef - Password  Entered succesfully 
[INFO ] 2023-01-30 19:53:56.732 [main] StepDef - Clicked on login Button successfully
[INFO ] 2023-01-30 19:53:56.842 [main] StepDef - clicked on customer menu successfully
[INFO ] 2023-01-30 19:53:59.029 [main] StepDef - Browser has been launched 
[INFO ] 2023-01-30 19:54:03.381 [main] StepDef - URL has been hitted succesfullyhttp://admin-demo.nopcommerce.com/login
[INFO ] 2023-01-30 19:54:03.569 [main] StepDef - Email Entered succesfully 
[INFO ] 2023-01-30 19:54:03.743 [main] StepDef - Password  Entered succesfully 
[INFO ] 2023-01-30 19:56:26.295 [main] StepDef - Clicked on login Button successfully
[INFO ] 2023-01-30 19:56:31.267 [main] StepDef - clicked on customer menu successfully
[INFO ] 2023-01-30 19:56:40.236 [main] StepDef - CLicked on customer Btn succesfully
[INFO ] 2023-01-30 19:57:06.783 [main] StepDef - Browser has been launched 
[INFO ] 2023-01-30 19:57:26.200 [main] StepDef - Browser has been launched 
[INFO ] 2023-01-30 19:57:43.249 [main] StepDef - Browser has been launched 
[INFO ] 2023-01-30 19:57:52.354 [main] StepDef - URL has been hitted succesfullyhttp://admin-demo.nopcommerce.com/login
[INFO ] 2023-01-30 19:58:08.940 [main] StepDef - Browser has been launched 
[INFO ] 2023-01-30 19:58:30.599 [main] StepDef - Browser has been launched 
[INFO ] 2023-01-30 19:58:47.760 [main] StepDef - Browser has been launched 
[INFO ] 2023-01-31 13:07:50.511 [main] StepDef - Browser has been launched 
[INFO ] 2023-01-31 13:08:17.773 [main] StepDef - URL has been hitted succesfullyhttp://admin-demo.nopcommerce.com/login
[INFO ] 2023-01-31 13:08:19.704 [main] StepDef - Email Entered succesfully 
[INFO ] 2023-01-31 13:08:21.392 [main] StepDef - Password  Entered succesfully 
[INFO ] 2023-01-31 13:09:09.684 [main] StepDef - Browser has been launched 
[INFO ] 2023-01-31 13:09:15.784 [main] StepDef - URL has been hitted succesfullyhttp://admin-demo.nopcommerce.com/login
[INFO ] 2023-01-31 13:09:16.434 [main] StepDef - Email Entered succesfully 
[INFO ] 2023-01-31 13:09:16.919 [main] StepDef - Password  Entered succesfully 
[INFO ] 2023-01-31 13:09:25.554 [main] StepDef - Clicked on login Button successfully
[INFO ] 2023-01-31 13:09:26.010 [main] StepDef - clicked on customer menu successfully
[INFO ] 2023-01-31 13:09:30.047 [main] StepDef - CLicked on customer Btn succesfully
[INFO ] 2023-01-31 13:09:33.587 [main] StepDef - CLicked on add new customer Btn succesfully
[INFO ] 2023-01-31 13:09:36.037 [main] StepDef - customer Information has been filled  succesfully
[INFO ] 2023-01-31 13:09:39.207 [main] StepDef - CLicked on Save Btn succesfully
[INFO ] 2023-01-31 13:09:40.115 [main] StepDef - "User has not created new account because details were wrong"
[INFO ] 2023-01-31 13:09:41.221 [main] StepDef - Browser has been closed succesfully
[INFO ] 2023-01-31 13:09:46.826 [main] StepDef - Browser has been launched 
[INFO ] 2023-01-31 13:09:50.821 [main] StepDef - URL has been hitted succesfullyhttp://admin-demo.nopcommerce.com/login
[INFO ] 2023-01-31 13:09:51.396 [main] StepDef - Email Entered succesfully 
[INFO ] 2023-01-31 13:09:51.797 [main] StepDef - Password  Entered succesfully 
[INFO ] 2023-01-31 13:10:01.836 [main] StepDef - Clicked on login Button successfully
[INFO ] 2023-01-31 13:10:02.314 [main] StepDef - clicked on customer menu successfully
[INFO ] 2023-01-31 13:10:06.813 [main] StepDef - CLicked on customer Btn succesfully
[INFO ] 2023-01-31 13:10:07.635 [main] StepDef - customer emmail has been filled  succesfully
[INFO ] 2023-01-31 13:10:07.918 [main] StepDef - CLicked on  search customer Btn succesfully
[INFO ] 2023-01-31 13:10:09.779 [main] StepDef - Browser has been closed succesfully
[INFO ] 2023-01-31 13:10:14.628 [main] StepDef - Browser has been launched 
[INFO ] 2023-01-31 13:10:17.865 [main] StepDef - URL has been hitted succesfullyhttp://admin-demo.nopcommerce.com/login
[INFO ] 2023-01-31 13:10:18.333 [main] StepDef - Email Entered succesfully 
[INFO ] 2023-01-31 13:10:18.750 [main] StepDef - Password  Entered succesfully 
[INFO ] 2023-01-31 13:10:28.868 [main] StepDef - Clicked on login Button successfully
[INFO ] 2023-01-31 13:10:29.173 [main] StepDef - clicked on customer menu successfully
[INFO ] 2023-01-31 13:10:33.016 [main] StepDef - CLicked on customer Btn succesfully
[INFO ] 2023-01-31 13:10:33.523 [main] StepDef - customer Name has been filled  succesfully
[INFO ] 2023-01-31 13:10:33.792 [main] StepDef - CLicked on  search customer Btn succesfully
[INFO ] 2023-01-31 13:10:35.580 [main] StepDef - Browser has been closed succesfully
[INFO ] 2023-01-31 13:10:41.200 [main] StepDef - Browser has been launched 
[INFO ] 2023-01-31 13:10:46.565 [main] StepDef - URL has been hitted succesfullyhttp://admin-demo.nopcommerce.com/login
[INFO ] 2023-01-31 13:10:47.246 [main] StepDef - Email Entered succesfully 
[INFO ] 2023-01-31 13:10:47.836 [main] StepDef - Password  Entered succesfully 
[INFO ] 2023-01-31 13:10:58.742 [main] StepDef - Clicked on login Button successfully
[INFO ] 2023-01-31 13:10:58.816 [main] StepDef - Test has been Failed  where actual title is:Dashboard / nopCommerce administration the expected Title:Dashboard / nopcommerce administration
[INFO ] 2023-01-31 13:11:01.821 [main] StepDef - Click On logout BTN succesfully
[INFO ] 2023-01-31 13:11:02.487 [main] StepDef - Browser has been closed succesfully
[INFO ] 2023-01-31 13:11:07.668 [main] StepDef - Browser has been launched 
[INFO ] 2023-01-31 13:11:11.776 [main] StepDef - URL has been hitted succesfullyhttp://admin-demo.nopcommerce.com/login
[INFO ] 2023-01-31 13:11:12.741 [main] StepDef - Email Entered succesfully 
[INFO ] 2023-01-31 13:11:13.362 [main] StepDef - Password  Entered succesfully 
[INFO ] 2023-01-31 13:11:25.042 [main] StepDef - Clicked on login Button successfully
[INFO ] 2023-01-31 13:11:25.099 [main] StepDef - Test has been Failed  where actual title is:Dashboard / nopCommerce administration the expected Title:Dashboard / nopcommerce administration
[INFO ] 2023-01-31 13:11:28.361 [main] StepDef - Click On logout BTN succesfully
[INFO ] 2023-01-31 13:11:29.363 [main] StepDef - Browser has been closed succesfully
[INFO ] 2023-01-31 13:11:34.726 [main] StepDef - Browser has been launched 
[INFO ] 2023-01-31 13:11:39.457 [main] StepDef - URL has been hitted succesfullyhttp://admin-demo.nopcommerce.com/login
[INFO ] 2023-01-31 13:11:40.225 [main] StepDef - Email Entered succesfully 
[INFO ] 2023-01-31 13:11:40.829 [main] StepDef - Password  Entered succesfully 
[INFO ] 2023-01-31 13:11:41.889 [main] StepDef - Clicked on login Button successfully
[INFO ] 2023-01-31 13:11:41.961 [main] StepDef - Test has been Failed  where actual title is:Your store. Login the expected Title:Dashboard / nopcommerce administration
[INFO ] 2023-01-31 13:11:47.561 [main] StepDef - Browser has been launched 
[INFO ] 2023-01-31 13:11:52.049 [main] StepDef - URL has been hitted succesfullyhttp://admin-demo.nopcommerce.com/login
[INFO ] 2023-01-31 13:11:52.946 [main] StepDef - Email Entered succesfully 
[INFO ] 2023-01-31 13:11:53.789 [main] StepDef - Password  Entered succesfully 
[INFO ] 2023-01-31 13:11:56.035 [main] StepDef - Clicked on login Button successfully
[INFO ] 2023-01-31 13:11:56.141 [main] StepDef - Test has been Failed  where actual title is:Your store. Login the expected Title:Dashboard / nopcommerce administration
[INFO ] 2023-01-31 13:12:01.530 [main] StepDef - Browser has been launched 
[INFO ] 2023-01-31 13:12:07.821 [main] StepDef - URL has been hitted succesfullyhttp://admin-demo.nopcommerce.com/login
[INFO ] 2023-01-31 13:12:09.593 [main] StepDef - Email Entered succesfully 
[INFO ] 2023-01-31 13:12:10.616 [main] StepDef - Password  Entered succesfully 
[INFO ] 2023-01-31 13:12:12.466 [main] StepDef - Clicked on login Button successfully
[INFO ] 2023-01-31 13:12:12.569 [main] StepDef - Test has been Failed  where actual title is:Your store. Login the expected Title:Dashboard / nopcommerce administration
[INFO ] 2023-01-31 13:19:27.243 [main] StepDef - Browser has been launched 
[INFO ] 2023-01-31 13:19:30.613 [main] StepDef - URL has been hitted succesfullyhttp://admin-demo.nopcommerce.com/login
[INFO ] 2023-01-31 13:19:31.147 [main] StepDef - Email Entered succesfully 
[INFO ] 2023-01-31 13:19:31.578 [main] StepDef - Password  Entered succesfully 
[INFO ] 2023-01-31 13:19:41.655 [main] StepDef - Clicked on login Button successfully
[INFO ] 2023-01-31 13:19:41.946 [main] StepDef - clicked on customer menu successfully
[INFO ] 2023-01-31 13:19:46.239 [main] StepDef - CLicked on customer Btn succesfully
[INFO ] 2023-01-31 13:19:49.427 [main] StepDef - CLicked on add new customer Btn succesfully
[INFO ] 2023-01-31 13:19:51.542 [main] StepDef - customer Information has been filled  succesfully
[INFO ] 2023-01-31 13:19:54.684 [main] StepDef - CLicked on Save Btn succesfully
[INFO ] 2023-01-31 13:19:55.565 [main] StepDef - "User has not created new account because details were wrong"
[INFO ] 2023-01-31 13:19:56.192 [main] StepDef - Browser has been closed succesfully
[INFO ] 2023-01-31 13:20:01.308 [main] StepDef - Browser has been launched 
[INFO ] 2023-01-31 13:20:03.427 [main] StepDef - URL has been hitted succesfullyhttp://admin-demo.nopcommerce.com/login
[INFO ] 2023-01-31 13:20:04.020 [main] StepDef - Email Entered succesfully 
[INFO ] 2023-01-31 13:20:04.436 [main] StepDef - Password  Entered succesfully 
[INFO ] 2023-01-31 13:20:11.609 [main] StepDef - Clicked on login Button successfully
[INFO ] 2023-01-31 13:20:12.054 [main] StepDef - clicked on customer menu successfully
[INFO ] 2023-01-31 13:20:16.216 [main] StepDef - CLicked on customer Btn succesfully
[INFO ] 2023-01-31 13:20:16.804 [main] StepDef - customer emmail has been filled  succesfully
[INFO ] 2023-01-31 13:20:17.040 [main] StepDef - CLicked on  search customer Btn succesfully
[INFO ] 2023-01-31 13:20:23.203 [main] StepDef - Browser has been launched 
[INFO ] 2023-01-31 13:20:29.092 [main] StepDef - URL has been hitted succesfullyhttp://admin-demo.nopcommerce.com/login
[INFO ] 2023-01-31 13:20:30.070 [main] StepDef - Email Entered succesfully 
[INFO ] 2023-01-31 13:20:30.636 [main] StepDef - Password  Entered succesfully 
[INFO ] 2023-01-31 13:20:44.756 [main] StepDef - Clicked on login Button successfully
[INFO ] 2023-01-31 13:20:45.679 [main] StepDef - clicked on customer menu successfully
[INFO ] 2023-01-31 13:20:56.830 [main] StepDef - CLicked on customer Btn succesfully
[INFO ] 2023-01-31 13:20:57.638 [main] StepDef - customer Name has been filled  succesfully
[INFO ] 2023-01-31 13:20:58.078 [main] StepDef - CLicked on  search customer Btn succesfully
[INFO ] 2023-01-31 13:21:05.994 [main] StepDef - Browser has been launched 
[INFO ] 2023-01-31 13:21:11.330 [main] StepDef - URL has been hitted succesfullyhttp://admin-demo.nopcommerce.com/login
[INFO ] 2023-01-31 13:21:12.355 [main] StepDef - Email Entered succesfully 
[INFO ] 2023-01-31 13:21:13.161 [main] StepDef - Password  Entered succesfully 
[INFO ] 2023-01-31 13:21:30.898 [main] StepDef - Clicked on login Button successfully
[INFO ] 2023-01-31 13:21:31.082 [main] StepDef - Test has been Failed  where actual title is:Dashboard / nopCommerce administration the expected Title:Dashboard / nopcommerce administration
[INFO ] 2023-01-31 13:21:35.858 [main] StepDef - Click On logout BTN succesfully
[INFO ] 2023-01-31 13:21:38.709 [main] StepDef - Browser has been closed succesfully
[INFO ] 2023-01-31 13:21:44.465 [main] StepDef - Browser has been launched 
[INFO ] 2023-01-31 13:21:47.984 [main] StepDef - URL has been hitted succesfullyhttp://admin-demo.nopcommerce.com/login
[INFO ] 2023-01-31 13:21:49.248 [main] StepDef - Email Entered succesfully 
[INFO ] 2023-01-31 13:21:50.151 [main] StepDef - Password  Entered succesfully 
[INFO ] 2023-01-31 13:22:02.464 [main] StepDef - Clicked on login Button successfully
[INFO ] 2023-01-31 13:22:02.584 [main] StepDef - Test has been Failed  where actual title is:Dashboard / nopCommerce administration the expected Title:Dashboard / nopcommerce administration
[INFO ] 2023-01-31 13:22:05.409 [main] StepDef - Click On logout BTN succesfully
[INFO ] 2023-01-31 13:22:06.178 [main] StepDef - Browser has been closed succesfully
[INFO ] 2023-01-31 13:22:11.050 [main] StepDef - Browser has been launched 
[INFO ] 2023-01-31 13:22:14.981 [main] StepDef - URL has been hitted succesfullyhttp://admin-demo.nopcommerce.com/login
[INFO ] 2023-01-31 13:22:15.982 [main] StepDef - Email Entered succesfully 
[INFO ] 2023-01-31 13:22:16.617 [main] StepDef - Password  Entered succesfully 
[INFO ] 2023-01-31 13:22:18.799 [main] StepDef - Clicked on login Button successfully
[INFO ] 2023-01-31 13:22:18.892 [main] StepDef - Test has been Failed  where actual title is:Your store. Login the expected Title:Dashboard / nopcommerce administration
[INFO ] 2023-01-31 13:22:25.788 [main] StepDef - Browser has been launched 
[INFO ] 2023-01-31 13:22:29.018 [main] StepDef - URL has been hitted succesfullyhttp://admin-demo.nopcommerce.com/login
[INFO ] 2023-01-31 13:22:29.806 [main] StepDef - Email Entered succesfully 
[INFO ] 2023-01-31 13:22:30.367 [main] StepDef - Password  Entered succesfully 
[INFO ] 2023-01-31 13:22:32.740 [main] StepDef - Clicked on login Button successfully
[INFO ] 2023-01-31 13:22:32.861 [main] StepDef - Test has been Failed  where actual title is:Your store. Login the expected Title:Dashboard / nopcommerce administration
[INFO ] 2023-01-31 13:22:39.075 [main] StepDef - Browser has been launched 
[INFO ] 2023-01-31 13:22:45.861 [main] StepDef - URL has been hitted succesfullyhttp://admin-demo.nopcommerce.com/login
[INFO ] 2023-01-31 13:22:47.972 [main] StepDef - Email Entered succesfully 
[INFO ] 2023-01-31 13:22:49.293 [main] StepDef - Password  Entered succesfully 
[INFO ] 2023-01-31 13:22:52.903 [main] StepDef - Clicked on login Button successfully
[INFO ] 2023-01-31 13:22:53.007 [main] StepDef - Test has been Failed  where actual title is:Your store. Login the expected Title:Dashboard / nopcommerce administration
[INFO ] 2023-01-31 13:32:55.397 [main] StepDef - Browser has been launched 
[INFO ] 2023-01-31 13:32:57.849 [main] StepDef - URL has been hitted succesfullyhttp://admin-demo.nopcommerce.com/login
[INFO ] 2023-01-31 13:32:58.049 [main] StepDef - Email Entered succesfully 
[INFO ] 2023-01-31 13:32:58.211 [main] StepDef - Password  Entered succesfully 
[INFO ] 2023-01-31 13:33:08.944 [main] StepDef - Clicked on login Button successfully
[INFO ] 2023-01-31 13:33:09.066 [main] StepDef - clicked on customer menu successfully
[INFO ] 2023-01-31 13:33:11.960 [main] StepDef - CLicked on customer Btn succesfully
[INFO ] 2023-01-31 13:33:16.740 [main] StepDef - CLicked on add new customer Btn succesfully
[INFO ] 2023-01-31 13:33:17.598 [main] StepDef - customer Information has been filled  succesfully
[INFO ] 2023-01-31 13:33:20.201 [main] StepDef - CLicked on Save Btn succesfully
[INFO ] 2023-01-31 13:33:20.619 [main] StepDef - "User has not created new account because details were wrong"
[INFO ] 2023-01-31 13:33:20.813 [main] StepDef - Browser has been closed succesfully
[INFO ] 2023-01-31 13:33:22.474 [main] StepDef - Browser has been launched 
[INFO ] 2023-01-31 13:33:27.374 [main] StepDef - URL has been hitted succesfullyhttp://admin-demo.nopcommerce.com/login
[INFO ] 2023-01-31 13:33:27.544 [main] StepDef - Email Entered succesfully 
[INFO ] 2023-01-31 13:33:27.702 [main] StepDef - Password  Entered succesfully 
[INFO ] 2023-01-31 13:33:38.830 [main] StepDef - Clicked on login Button successfully
[INFO ] 2023-01-31 13:33:38.956 [main] StepDef - clicked on customer menu successfully
[INFO ] 2023-01-31 13:33:42.817 [main] StepDef - CLicked on customer Btn succesfully
[INFO ] 2023-01-31 13:33:44.634 [main] StepDef - Browser has been launched 
[INFO ] 2023-01-31 13:33:48.823 [main] StepDef - URL has been hitted succesfullyhttp://admin-demo.nopcommerce.com/login
[INFO ] 2023-01-31 13:33:49.009 [main] StepDef - Email Entered succesfully 
[INFO ] 2023-01-31 13:33:49.160 [main] StepDef - Password  Entered succesfully 
[INFO ] 2023-01-31 13:34:01.704 [main] StepDef - Clicked on login Button successfully
[INFO ] 2023-01-31 13:34:01.863 [main] StepDef - clicked on customer menu successfully
[INFO ] 2023-01-31 13:34:05.023 [main] StepDef - CLicked on customer Btn succesfully
[INFO ] 2023-01-31 13:34:06.844 [main] StepDef - Browser has been launched 
[INFO ] 2023-01-31 13:34:12.138 [main] StepDef - URL has been hitted succesfullyhttp://admin-demo.nopcommerce.com/login
[INFO ] 2023-01-31 13:34:12.301 [main] StepDef - Email Entered succesfully 
[INFO ] 2023-01-31 13:34:12.478 [main] StepDef - Password  Entered succesfully 
[INFO ] 2023-01-31 13:34:35.730 [main] StepDef - Clicked on login Button successfully
[INFO ] 2023-01-31 13:34:35.744 [main] StepDef - Test has been Failed  where actual title is:Dashboard / nopCommerce administration the expected Title:Dashboard / nopcommerce administration
[INFO ] 2023-01-31 13:34:43.686 [main] StepDef - Click On logout BTN succesfully
[INFO ] 2023-01-31 13:34:43.890 [main] StepDef - Browser has been closed succesfully
[INFO ] 2023-01-31 13:34:45.489 [main] StepDef - Browser has been launched 
[INFO ] 2023-01-31 13:34:54.202 [main] StepDef - URL has been hitted succesfullyhttp://admin-demo.nopcommerce.com/login
[INFO ] 2023-01-31 13:34:54.386 [main] StepDef - Email Entered succesfully 
[INFO ] 2023-01-31 13:34:54.546 [main] StepDef - Password  Entered succesfully 
[INFO ] 2023-01-31 13:35:45.315 [main] StepDef - Clicked on login Button successfully
[INFO ] 2023-01-31 13:35:45.326 [main] StepDef - Test has been Failed  where actual title is:Dashboard / nopCommerce administration the expected Title:Dashboard / nopcommerce administration
[INFO ] 2023-01-31 13:35:52.188 [main] StepDef - Click On logout BTN succesfully
[INFO ] 2023-01-31 13:35:52.296 [main] StepDef - Browser has been closed succesfully
[INFO ] 2023-01-31 13:35:53.882 [main] StepDef - Browser has been launched 
[INFO ] 2023-01-31 13:35:56.377 [main] StepDef - URL has been hitted succesfullyhttp://admin-demo.nopcommerce.com/login
[INFO ] 2023-01-31 13:35:56.560 [main] StepDef - Email Entered succesfully 
[INFO ] 2023-01-31 13:35:56.706 [main] StepDef - Password  Entered succesfully 
[INFO ] 2023-01-31 13:35:57.271 [main] StepDef - Clicked on login Button successfully
[INFO ] 2023-01-31 13:35:57.282 [main] StepDef - Test has been Failed  where actual title is:Your store. Login the expected Title:Dashboard / nopcommerce administration
[INFO ] 2023-01-31 13:35:59.022 [main] StepDef - Browser has been launched 
[INFO ] 2023-01-31 13:36:04.477 [main] StepDef - URL has been hitted succesfullyhttp://admin-demo.nopcommerce.com/login
[INFO ] 2023-01-31 13:36:04.662 [main] StepDef - Email Entered succesfully 
[INFO ] 2023-01-31 13:36:04.830 [main] StepDef - Password  Entered succesfully 
[INFO ] 2023-01-31 13:36:05.626 [main] StepDef - Clicked on login Button successfully
[INFO ] 2023-01-31 13:36:05.639 [main] StepDef - Test has been Failed  where actual title is:Your store. Login the expected Title:Dashboard / nopcommerce administration
[INFO ] 2023-01-31 13:36:07.336 [main] StepDef - Browser has been launched 
[INFO ] 2023-01-31 13:36:10.916 [main] StepDef - URL has been hitted succesfullyhttp://admin-demo.nopcommerce.com/login
[INFO ] 2023-01-31 13:36:11.087 [main] StepDef - Email Entered succesfully 
[INFO ] 2023-01-31 13:36:11.242 [main] StepDef - Password  Entered succesfully 
[INFO ] 2023-01-31 13:36:12.905 [main] StepDef - Clicked on login Button successfully
[INFO ] 2023-01-31 13:36:12.921 [main] StepDef - Test has been Failed  where actual title is:Your store. Login the expected Title:Dashboard / nopcommerce administration
[INFO ] 2023-02-18 19:40:29.889 [main] StepDef - Browser has been launched 
[INFO ] 2023-02-18 19:40:46.634 [main] StepDef - Browser has been launched 
[INFO ] 2023-02-18 19:40:50.307 [main] StepDef - Browser has been launched 
[INFO ] 2023-02-18 19:40:51.839 [main] StepDef - URL has been hitted succesfullyhttp://admin-demo.nopcommerce.com/login
